<?xml version="1.0" encoding="UTF-8"?>
<!-- Generated by org.testng.reporters.JUnitReportReporter -->
<testsuite hostname="zMachine" failures="0" tests="1" name="com.inetBanking.testCases.TC_AddCustomerTest_003" time="28.214" errors="0" timestamp="20 Feb 2020 02:41:09 GMT" skipped="0">
  <testcase classname="com.inetBanking.testCases.TC_AddCustomerTest_003" name="addNewCustomer" time="28.214"/>
</testsuite> <!-- com.inetBanking.testCases.TC_AddCustomerTest_003 -->
