<?xml version="1.0" encoding="UTF-8"?>
<!-- Generated by org.testng.reporters.JUnitReportReporter -->
<testsuite hostname="zMachine" failures="0" tests="1" name="com.inetBanking.testCases.TC_LoginTest_001" time="2.062" errors="0" timestamp="24 Feb 2020 03:52:46 GMT" skipped="0">
  <testcase classname="com.inetBanking.testCases.TC_LoginTest_001" name="loginTest" time="2.062"/>
</testsuite> <!-- com.inetBanking.testCases.TC_LoginTest_001 -->
